2023-12-08 07:18:18.909+0000 INFO  [o.n.g.f.m.GlobalModule] Logging config in use: Embedded default config 'default-server-logs.xml'
2023-12-08 07:18:18.997+0000 WARN  [o.n.k.i.JvmChecker] The max heap memory has not been configured. It is recommended that it is always explicitly configured, to ensure the system has a balanced configuration. Until then, a JVM computed heuristic of 2057306112 bytes is used instead. If you are running neo4j server, you need to configure server.memory.heap.max_size in neo4j.conf. If you are running neo4j embedded, you have to launch the JVM with -Xmx set to a value. You can run neo4j-admin server memory-recommendation for memory configuration suggestions.
2023-12-08 07:18:18.997+0000 WARN  [o.n.k.i.JvmChecker] The initial heap memory has not been configured. It is recommended that it is always explicitly configured, to ensure the system has a balanced configuration. Until then, a JVM computed heuristic of 130023424 bytes is used instead. If you are running neo4j server, you need to configure server.memory.heap.initial_size in neo4j.conf. If you are running neo4j embedded, you have to launch the JVM with -Xms set to a value. You can run neo4j-admin server memory-recommendation for memory configuration suggestions.
2023-12-08 07:18:19.006+0000 WARN  [o.n.i.p.PageCache] Reflection access to java.nio.DirectByteBuffer is not available, using fallback mode. This could have negative impact on performance and memory usage. Consider adding --add-opens=java.base/java.nio=ALL-UNNAMED to VM options.
2023-12-08 07:18:19.050+0000 INFO  [o.n.i.d.DiagnosticsManager] 
                                                                ********************************************************************************
                                                                                             [ System diagnostics ]                             
                                                                ********************************************************************************
                                                                --------------------------------------------------------------------------------
                                                                                         [ System memory information ]                          
                                                                --------------------------------------------------------------------------------
                                                                Total Physical memory: 7.661GiB
                                                                Free Physical memory: 5.804GiB
                                                                Committed virtual memory: 5.561GiB
                                                                Total swap space: 1024MiB
                                                                Free swap space: 1024MiB
                                                                
                                                                --------------------------------------------------------------------------------
                                                                                           [ JVM memory information ]                           
                                                                --------------------------------------------------------------------------------
                                                                Free  memory: 73.39MiB
                                                                Total memory: 104.0MiB
                                                                Max   memory: 1.916GiB
                                                                Garbage Collector: G1 Young Generation: [G1 Eden Space, G1 Survivor Space, G1 Old Gen]
                                                                Garbage Collector: G1 Old Generation: [G1 Eden Space, G1 Survivor Space, G1 Old Gen]
                                                                Memory Pool: CodeHeap 'non-nmethods' (Non-heap memory): committed=2.438MiB, used=1.213MiB, max=5.570MiB, threshold=0B
                                                                Memory Pool: Metaspace (Non-heap memory): committed=21.75MiB, used=21.39MiB, max=-1B, threshold=0B
                                                                Memory Pool: CodeHeap 'profiled nmethods' (Non-heap memory): committed=4.688MiB, used=4.641MiB, max=117.2MiB, threshold=0B
                                                                Memory Pool: Compressed Class Space (Non-heap memory): committed=2.500MiB, used=2.292MiB, max=1.000GiB, threshold=0B
                                                                Memory Pool: G1 Eden Space (Heap memory): committed=75.00MiB, used=2.000MiB, max=-1B, threshold=?
                                                                Memory Pool: G1 Old Gen (Heap memory): committed=28.00MiB, used=27.31MiB, max=1.916GiB, threshold=0B
                                                                Memory Pool: G1 Survivor Space (Heap memory): committed=1.000MiB, used=818.0KiB, max=-1B, threshold=?
                                                                Memory Pool: CodeHeap 'non-profiled nmethods' (Non-heap memory): committed=2.438MiB, used=1.276MiB, max=117.2MiB, threshold=0B
                                                                
                                                                --------------------------------------------------------------------------------
                                                                                        [ Operating system information ]                        
                                                                --------------------------------------------------------------------------------
                                                                Operating System: Linux; version: 6.4.16-linuxkit; arch: aarch64; cpus: 10
                                                                Max number of file descriptors: 1048576
                                                                Number of open file descriptors: 192
                                                                Process id: 7
                                                                Byte order: LITTLE_ENDIAN
                                                                Local timezone: Etc/UTC
                                                                Memory page size: 4096
                                                                Unaligned memory access allowed: true
                                                                
                                                                --------------------------------------------------------------------------------
                                                                                              [ JVM information ]                               
                                                                --------------------------------------------------------------------------------
                                                                VM Name: OpenJDK 64-Bit Server VM
                                                                VM Vendor: Eclipse Adoptium
                                                                VM Version: 17.0.9+9
                                                                JIT compiler: HotSpot 64-Bit Tiered Compilers
                                                                VM Arguments: [-Dfile.encoding=UTF-8]
                                                                
                                                                --------------------------------------------------------------------------------
                                                                                               [ Java classpath ]                               
                                                                --------------------------------------------------------------------------------
                                                                 [classpath] /var/lib/neo4j/lib/neo4j-front-end-5.14.0.jar
                                                                 [classpath] /var/lib/neo4j/lib/neo4j-ast-5.14.0.jar
                                                                 [classpath] /var/lib/neo4j/lib/commons-lang3-3.13.0.jar
                                                                 [classpath] /var/lib/neo4j/lib/shiro-config-core-1.12.0.jar
                                                                 [classpath] /var/lib/neo4j/lib/neo4j-cypher-ir-5.14.0.jar
                                                                 [classpath] /var/lib/neo4j/lib/jetty-security-10.0.17.jar
                                                                 [classpath] /var/lib/neo4j/lib/netty-common-4.1.100.Final.jar
                                                                 [classpath] /var/lib/neo4j/lib/jPowerShell-3.0.jar
                                                                 [classpath] /var/lib/neo4j/lib/netty-tcnative-classes-2.0.61.Final.jar
                                                                 [classpath] /var/lib/neo4j/lib/neo4j-bootcheck-5.14.0.jar
                                                                 [classpath] /var/lib/neo4j/lib/neo4j-cypher-cache-5.14.0.jar
                                                                 [classpath] /var/lib/neo4j/lib/mercator_2.13-0.2.1.jar
                                                                 [classpath] /var/lib/neo4j/lib/netty-transport-4.1.100.Final.jar
                                                                 [classpath] /var/lib/neo4j/lib/reactive-streams-1.0.4.jar
                                                                 [classpath] /var/lib/neo4j/lib/jaxb-runtime-2.3.2.jar
                                                                 [classpath] /var/lib/neo4j/lib/shiro-crypto-hash-1.12.0.jar
                                                                 [classpath] /var/lib/neo4j/lib/javassist-3.25.0-GA.jar
                                                                 [classpath] /var/lib/neo4j/lib/jersey-container-servlet-2.34.jar
                                                                 [classpath] /var/lib/neo4j/lib/neo4j-import-util-5.14.0.jar
                                                                 [classpath] /var/lib/neo4j/lib/caffeine-3.1.8.jar
                                                                 [classpath] /var/lib/neo4j/lib/commons-configuration2-2.9.0.jar
                                                                 [classpath] /var/lib/neo4j/lib/neo4j-logging-5.14.0.jar
                                                                 [classpath] /var/lib/neo4j/lib/scala-library-2.13.11.jar
                                                                 [classpath] /var/lib/neo4j/lib/jetty-io-10.0.17.jar
                                                                 [classpath] /var/lib/neo4j/lib/jetty-xml-10.0.17.jar
                                                                 [classpath] /var/lib/neo4j/lib/picocli-4.7.5.jar
                                                                 [classpath] /var/lib/neo4j/lib/neo4j-fulltext-index-5.14.0.jar
                                                                 [classpath] /var/lib/neo4j/lib/jetty-servlet-10.0.17.jar
                                                                 [classpath] /var/lib/neo4j/conf/*
                                                                 [classpath] /var/lib/neo4j/lib/neo4j-spatial-index-5.14.0.jar
                                                                 [classpath] /var/lib/neo4j/lib/WMI4Java-1.6.3.jar
                                                                 [classpath] /var/lib/neo4j/lib/jakarta.xml.bind-api-2.3.2.jar
                                                                 [classpath] /var/lib/neo4j/lib/jProcesses-1.6.5.jar
                                                                 [classpath] /var/lib/neo4j/lib/neo4j-id-generator-5.14.0.jar
                                                                 [classpath] /var/lib/neo4j/lib/commons-collections-3.2.2.jar
                                                                 [classpath] /var/lib/neo4j/lib/neo4j-ssl-5.14.0.jar
                                                                 [classpath] /var/lib/neo4j/lib/hk2-locator-2.6.1.jar
                                                                 [classpath] /var/lib/neo4j/lib/jersey-common-2.34.jar
                                                                 [classpath] /var/lib/neo4j/lib/neo4j-cypher-physical-planning-5.14.0.jar
                                                                 [classpath] /var/lib/neo4j/lib/zstd-proxy-5.14.0.jar
                                                                 [classpath] /var/lib/neo4j/lib/neo4j-record-storage-engine-5.14.0.jar
                                                                 [classpath] /var/lib/neo4j/lib/zstd-jni-1.5.5-6.jar
                                                                 [classpath] /var/lib/neo4j/lib/jackson-annotations-2.15.2.jar
                                                                 [classpath] /var/lib/neo4j/lib/eclipse-collections-api-11.1.0.jar
                                                                 [classpath] /var/lib/neo4j/lib/jersey-container-servlet-core-2.34.jar
                                                                 [classpath] /var/lib/neo4j/lib/commons-text-1.10.0.jar
                                                                 [classpath] /var/lib/neo4j/lib/shiro-event-1.12.0.jar
                                                                 [classpath] /var/lib/neo4j/lib/jansi-2.4.0.jar
                                                                 [classpath] /var/lib/neo4j/lib/neo4j-fabric-5.14.0.jar
                                                                 [classpath] /var/lib/neo4j/lib/jetty-webapp-10.0.17.jar
                                                                 [classpath] /var/lib/neo4j/lib/shiro-lang-1.12.0.jar
                                                                 [classpath] /var/lib/neo4j/lib/jetty-http-10.0.17.jar
                                                                 [classpath] /var/lib/neo4j/lib/neo4j-cypher-macros-5.14.0.jar
                                                                 [classpath] /var/lib/neo4j/lib/ipaddress-5.4.0.jar
                                                                 [classpath] /var/lib/neo4j/lib/neo4j-cypher-config-5.14.0.jar
                                                                 [classpath] /var/lib/neo4j/lib/neo4j-values-5.14.0.jar
                                                                 [classpath] /var/lib/neo4j/lib/jline-terminal-3.21.0.jar
                                                                 [classpath] /var/lib/neo4j/lib/neo4j-import-tool-5.14.0.jar
                                                                 [classpath] /var/lib/neo4j/lib/netty-transport-classes-kqueue-4.1.100.Final.jar
                                                                 [classpath] /var/lib/neo4j/lib/neo4j-index-5.14.0.jar
                                                                 [classpath] /var/lib/neo4j/lib/neo4j-cypher-planner-spi-5.14.0.jar
                                                                 [classpath] /var/lib/neo4j/lib/neo4j-token-api-5.14.0.jar
                                                                 [classpath] /var/lib/neo4j/lib/neo4j-cypher-dsl-2023.6.0.jar
                                                                 [classpath] /var/lib/neo4j/lib/shiro-cache-1.12.0.jar
                                                                 [classpath] /var/lib/neo4j/lib/neo4j-security-5.14.0.jar
                                                                 [classpath] /var/lib/neo4j/lib/netty-transport-native-kqueue-4.1.100.Final-osx-aarch_64.jar
                                                                 [classpath] /var/lib/neo4j/lib/neo4j-server-5.14.0.jar
                                                                 [classpath] /var/lib/neo4j/lib/lucene-analysis-common-9.8.0.jar
                                                                 [classpath] /var/lib/neo4j/lib/neo4j-concurrent-5.14.0.jar
                                                                 [classpath] /var/lib/neo4j/lib/kiama_2.13-2.5.1.jar
                                                                 [classpath] /var/lib/neo4j/lib/jakarta.ws.rs-api-2.1.6.jar
                                                                 [classpath] /var/lib/neo4j/lib/shiro-crypto-cipher-1.12.0.jar
                                                                 [classpath] /var/lib/neo4j/lib/neo4j-capabilities-5.14.0.jar
                                                                 [classpath] /var/lib/neo4j/lib/neo4j-cypher-5.14.0.jar
                                                                 [classpath] /var/lib/neo4j/lib/jline-terminal-jansi-3.21.0.jar
                                                                 [classpath] /var/lib/neo4j/lib/hk2-api-2.6.1.jar
                                                                 [classpath] /var/lib/neo4j/lib/neo4j-graph-algo-5.14.0.jar
                                                                 [classpath] /var/lib/neo4j/lib/neo4j-push-to-cloud-5.14.0.jar
                                                                 [classpath] /var/lib/neo4j/lib/neo4j-slf4j-provider-5.14.0.jar
                                                                 [classpath] /var/lib/neo4j/lib/netty-transport-native-epoll-4.1.100.Final-linux-x86_64.jar
                                                                 [classpath] /var/lib/neo4j/lib/neo4j-io-5.14.0.jar
                                                                 [classpath] /var/lib/neo4j/lib/neo4j-dbms-5.14.0.jar
                                                                 [classpath] /var/lib/neo4j/lib/istack-commons-runtime-3.0.8.jar
                                                                 [classpath] /var/lib/neo4j/lib/jackson-jaxrs-json-provider-2.15.2.jar
                                                                 [classpath] /var/lib/neo4j/lib/annotations-5.14.0.jar
                                                                 [classpath] /var/lib/neo4j/lib/jetty-servlet-api-4.0.6.jar
                                                                 [classpath] /var/lib/neo4j/lib/neo4j-layout-5.14.0.jar
                                                                 [classpath] /var/lib/neo4j/lib/eclipse-collections-11.1.0.jar
                                                                 [classpath] /var/lib/neo4j/lib/shiro-crypto-core-1.12.0.jar
                                                                 [classpath] /var/lib/neo4j/lib/neo4j-kernel-api-5.14.0.jar
                                                                 [classpath] /var/lib/neo4j/lib/neo4j-native-5.14.0.jar
                                                                 [classpath] /var/lib/neo4j/lib/neo4j-lock-5.14.0.jar
                                                                 [classpath] /var/lib/neo4j/lib/neo4j-configuration-5.14.0.jar
                                                                 [classpath] /var/lib/neo4j/lib/netty-transport-native-kqueue-4.1.100.Final-osx-x86_64.jar
                                                                 [classpath] /var/lib/neo4j/lib/reactor-core-3.5.10.jar
                                                                 [classpath] /var/lib/neo4j/lib/jetty-util-10.0.17.jar
                                                                 [classpath] /var/lib/neo4j/lib/neo4j-browser-5.12.0.jar
                                                                 [classpath] /var/lib/neo4j/lib/jetty-server-10.0.17.jar
                                                                 [classpath] /var/lib/neo4j/lib/neo4j-java-driver-5.14.0.jar
                                                                 [classpath] /var/lib/neo4j/lib/neo4j-unsafe-5.14.0.jar
                                                                 [classpath] /var/lib/neo4j/lib/shiro-config-ogdl-1.12.0.jar
                                                                 [classpath] /var/lib/neo4j/lib/jackson-jaxrs-base-2.15.2.jar
                                                                 [classpath] /var/lib/neo4j/lib/jakarta.activation-api-1.2.2.jar
                                                                 [classpath] /var/lib/neo4j/lib/neo4j-consistency-check-5.14.0.jar
                                                                 [classpath] /var/lib/neo4j/lib/neo4j-kernel-5.14.0.jar
                                                                 [classpath] /var/lib/neo4j/lib/neo4j-lucene-index-5.14.0.jar
                                                                 [classpath] /var/lib/neo4j/lib/neo4j-bolt-5.14.0.jar
                                                                 [classpath] /var/lib/neo4j/lib/jakarta.validation-api-2.0.2.jar
                                                                 [classpath] /var/lib/neo4j/lib/neo4j-expressions-5.14.0.jar
                                                                 [classpath] /var/lib/neo4j/lib/magnolia_2.13-0.17.0.jar
                                                                 [classpath] /var/lib/neo4j/lib/neo4j-collections-5.14.0.jar
                                                                 [classpath] /var/lib/neo4j/lib/neo4j-data-collector-5.14.0.jar
                                                                 [classpath] /var/lib/neo4j/lib/jctools-core-4.0.1.jar
                                                                 [classpath] /var/lib/neo4j/lib/neo4j-util-5.14.0.jar
                                                                 [classpath] /var/lib/neo4j/lib/jettison-1.5.4.jar
                                                                 [classpath] /var/lib/neo4j/lib/neo4j-common-5.14.0.jar
                                                                 [classpath] /var/lib/neo4j/lib/jakarta.inject-2.6.1.jar
                                                                 [classpath] /var/lib/neo4j/lib/netty-transport-native-epoll-4.1.100.Final-linux-aarch_64.jar
                                                                 [classpath] /var/lib/neo4j/lib/neo4j-cypher-expression-evaluator-5.14.0.jar
                                                                 [classpath] /var/lib/neo4j/lib/hk2-utils-2.6.1.jar
                                                                 [classpath] /var/lib/neo4j/lib/neo4j-schema-5.14.0.jar
                                                                 [classpath] /var/lib/neo4j/lib/stax-ex-1.8.1.jar
                                                                 [classpath] /var/lib/neo4j/lib/txw2-2.3.2.jar
                                                                 [classpath] /var/lib/neo4j/lib/slf4j-api-2.0.9.jar
                                                                 [classpath] /var/lib/neo4j/lib/netty-codec-4.1.100.Final.jar
                                                                 [classpath] /var/lib/neo4j/lib/cypher-ast-factory-5.14.0.jar
                                                                 [classpath] /var/lib/neo4j/lib/neo4j-rewriting-5.14.0.jar
                                                                 [classpath] /var/lib/neo4j/lib/neo4j-storage-engine-util-5.14.0.jar
                                                                 [classpath] /var/lib/neo4j/lib/netty-buffer-4.1.100.Final.jar
                                                                 [classpath] /var/lib/neo4j/lib/commons-compress-1.24.0.jar
                                                                 [classpath] /var/lib/neo4j/lib/neo4j-cypher-ast-factory-5.14.0.jar
                                                                 [classpath] /var/lib/neo4j/lib/lucene-core-9.8.0.jar
                                                                 [classpath] /var/lib/neo4j/lib/log4j-api-2.20.0.jar
                                                                 [classpath] /var/lib/neo4j/lib/lucene-queryparser-9.8.0.jar
                                                                 [classpath] /var/lib/neo4j/lib/jline-reader-3.21.0.jar
                                                                 [classpath] /var/lib/neo4j/lib/FastInfoset-1.2.16.jar
                                                                 [classpath] /var/lib/neo4j/lib/commons-io-2.14.0.jar
                                                                 [classpath] /var/lib/neo4j/lib/argparse4j-0.9.0.jar
                                                                 [classpath] /var/lib/neo4j/lib/log4j-core-2.20.0.jar
                                                                 [classpath] /var/lib/neo4j/lib/commons-logging-1.2.jar
                                                                 [classpath] /var/lib/neo4j/lib/neo4j-codegen-5.14.0.jar
                                                                 [classpath] /var/lib/neo4j/lib/neo4j-cypher-logical-plans-5.14.0.jar
                                                                 [classpath] /var/lib/neo4j/lib/jna-5.13.0.jar
                                                                 [classpath] /var/lib/neo4j/lib/jackson-core-2.15.2.jar
                                                                 [classpath] /var/lib/neo4j/lib/server-api-5.14.0.jar
                                                                 [classpath] /var/lib/neo4j/lib/neo4j-resource-5.14.0.jar
                                                                 [classpath] /var/lib/neo4j/lib/netty-resolver-4.1.100.Final.jar
                                                                 [classpath] /var/lib/neo4j/lib/neo4j-graphdb-api-5.14.0.jar
                                                                 [classpath] /var/lib/neo4j/lib/neo4j-cypher-javacc-parser-5.14.0.jar
                                                                 [classpath] /var/lib/neo4j/lib/neo4j-diagnostics-5.14.0.jar
                                                                 [classpath] /var/lib/neo4j/lib/jackson-databind-2.15.2.jar
                                                                 [classpath] /var/lib/neo4j/lib/neo4j-monitoring-5.14.0.jar
                                                                 [classpath] /var/lib/neo4j/lib/neo4j-procedure-api-5.14.0.jar
                                                                 [classpath] /var/lib/neo4j/lib/netty-handler-4.1.100.Final.jar
                                                                 [classpath] /var/lib/neo4j/lib/neo4j-cypher-runtime-util-5.14.0.jar
                                                                 [classpath] /var/lib/neo4j/lib/neo4j-cypher-slotted-runtime-5.14.0.jar
                                                                 [classpath] /var/lib/neo4j/lib/scala-reflect-2.13.11.jar
                                                                 [classpath] /var/lib/neo4j/lib/jakarta.annotation-api-1.3.5.jar
                                                                 [classpath] /var/lib/neo4j/lib/neo4j-cypher-planner-5.14.0.jar
                                                                 [classpath] /var/lib/neo4j/lib/shiro-core-1.12.0.jar
                                                                 [classpath] /var/lib/neo4j/lib/neo4j-command-line-5.14.0.jar
                                                                 [classpath] /var/lib/neo4j/lib/neo4j-query-router-5.14.0.jar
                                                                 [classpath] /var/lib/neo4j/lib/neo4j-csv-5.14.0.jar
                                                                 [classpath] /var/lib/neo4j/lib/jackson-module-jaxb-annotations-2.15.2.jar
                                                                 [classpath] /var/lib/neo4j/lib/netty-transport-classes-epoll-4.1.100.Final.jar
                                                                 [classpath] /var/lib/neo4j/lib/neo4j-exceptions-5.14.0.jar
                                                                 [classpath] /var/lib/neo4j/lib/netty-transport-native-unix-common-4.1.100.Final.jar
                                                                 [classpath] /var/lib/neo4j/lib/neo4j-wal-5.14.0.jar
                                                                 [classpath] /var/lib/neo4j/lib/netty-codec-http-4.1.100.Final.jar
                                                                 [classpath] /var/lib/neo4j/lib/lucene-backward-codecs-9.8.0.jar
                                                                 [classpath] /var/lib/neo4j/lib/log4j-layout-template-json-2.20.0.jar
                                                                 [classpath] /var/lib/neo4j/lib/neo4j-procedure-5.14.0.jar
                                                                 [classpath] /var/lib/neo4j/lib/cypher-shell-5.14.0.jar
                                                                 [classpath] /var/lib/neo4j/lib/commons-beanutils-1.9.4.jar
                                                                 [classpath] /var/lib/neo4j/lib/jersey-server-2.34.jar
                                                                 [classpath] /var/lib/neo4j/lib/neo4j-5.14.0.jar
                                                                 [classpath] /var/lib/neo4j/lib/cypher-literal-interpreter-5.14.0.jar
                                                                 [classpath] /var/lib/neo4j/lib/scala-collection-contrib_2.13-0.3.0.jar
                                                                 [classpath] /var/lib/neo4j/lib/neo4j-cypher-interpreted-runtime-5.14.0.jar
                                                                 [classpath] /var/lib/neo4j/lib/jersey-client-2.34.jar
                                                                 [classpath] /var/lib/neo4j/lib/jersey-hk2-2.34.jar
                                                                
                                                                --------------------------------------------------------------------------------
                                                                                                [ Library path ]                                
                                                                --------------------------------------------------------------------------------
                                                                /usr/java/packages/lib
                                                                /usr/lib64
                                                                /lib64
                                                                /lib
                                                                /usr/lib
                                                                
                                                                --------------------------------------------------------------------------------
                                                                                             [ System properties ]                              
                                                                --------------------------------------------------------------------------------
                                                                sun.jnu.encoding = ANSI_X3.4-1968
                                                                sun.arch.data.model = 64
                                                                user.timezone = Etc/UTC
                                                                sun.java.launcher = SUN_STANDARD
                                                                user.country = US
                                                                sun.boot.library.path = /opt/java/openjdk/lib
                                                                sun.java.command = org.neo4j.server.CommunityEntryPoint --home-dir=/var/lib/neo4j --config-dir=/var/lib/neo4j/conf --console-mode
                                                                jdk.debug = release
                                                                sun.cpu.endian = little
                                                                user.home = /var/lib/neo4j
                                                                user.language = en
                                                                file.separator = /
                                                                sun.management.compiler = HotSpot 64-Bit Tiered Compilers
                                                                user.name = neo4j
                                                                path.separator = :
                                                                file.encoding = UTF-8
                                                                jnidispatch.path = /var/lib/neo4j/.cache/JNA/temp/jna15220694643733503667.tmp
                                                                jna.loaded = true
                                                                user.dir = /var/lib/neo4j
                                                                native.encoding = ANSI_X3.4-1968
                                                                sun.io.unicode.encoding = UnicodeLittle
                                                                
                                                                --------------------------------------------------------------------------------
                                                                                      [ (IANA) TimeZone database version ]                      
                                                                --------------------------------------------------------------------------------
                                                                  TimeZone version: 2023c (available for 603 zone identifiers)
                                                                
                                                                --------------------------------------------------------------------------------
                                                                                            [ Network information ]                             
                                                                --------------------------------------------------------------------------------
                                                                Interface eth0:
                                                                    address: 172.18.0.2
                                                                Interface lo:
                                                                    address: 127.0.0.1
                                                                
                                                                --------------------------------------------------------------------------------
                                                                                         [ Native access information ]                          
                                                                --------------------------------------------------------------------------------
                                                                Native access details: Linux native access is available.
                                                                
                                                                --------------------------------------------------------------------------------
                                                                                                [ DBMS config ]                                 
                                                                --------------------------------------------------------------------------------
                                                                DBMS provided settings:
                                                                server.default_listen_address=0.0.0.0
                                                                server.directories.logs=/logs
                                                                server.directories.neo4j_home=/var/lib/neo4j
                                                                server.directories.plugins=/plugins
                                                                server.memory.pagecache.size=512.00MiB
                                                                Directories in use:
                                                                server.directories.data=/var/lib/neo4j/data
                                                                server.directories.dumps.root=/var/lib/neo4j/data/dumps
                                                                server.directories.import=/var/lib/neo4j
                                                                server.directories.lib=/var/lib/neo4j/lib
                                                                server.directories.licenses=/var/lib/neo4j/licenses
                                                                server.directories.logs=/logs
                                                                server.directories.neo4j_home=/var/lib/neo4j
                                                                server.directories.plugins=/plugins
                                                                server.directories.run=/var/lib/neo4j/run
                                                                server.directories.script.root=/var/lib/neo4j/data/scripts
                                                                server.directories.transaction.logs.root=/var/lib/neo4j/data/transactions
                                                                
                                                                --------------------------------------------------------------------------------
                                                                                                 [ Packaging ]                                  
                                                                --------------------------------------------------------------------------------
                                                                Edition: Community
                                                                Package Type: tar
                                                                
2023-12-08 07:18:19.062+0000 INFO  [o.n.d.i.DefaultIdentityModule] Generated new ServerId: ServerId{aee00ff4} (aee00ff4-c9f5-479a-9e84-4c964f0356d2)
2023-12-08 07:18:19.063+0000 INFO  [o.n.d.i.DefaultIdentityModule] This instance is ServerId{aee00ff4} (aee00ff4-c9f5-479a-9e84-4c964f0356d2)
2023-12-08 07:18:19.369+0000 INFO  [o.n.s.CommunityNeoWebServer] ======== Neo4j 5.14.0 ========
2023-12-08 07:18:19.374+0000 INFO  [o.n.d.d.DatabaseLifecycles] Creating 'DatabaseId{00000000[system]}'.
2023-12-08 07:18:19.418+0000 INFO  [o.n.b.BoltServer] Using connector transport epoll
2023-12-08 07:18:19.444+0000 INFO  [o.n.b.BoltServer] Configured external Bolt connector with listener address /0.0.0.0:7687
2023-12-08 07:18:19.444+0000 INFO  [o.n.b.BoltServer] Bolt server loaded
2023-12-08 07:18:19.455+0000 INFO  [o.n.d.d.DatabaseLifecycles] Starting 'DatabaseId{00000000[system]}'.
2023-12-08 07:18:19.707+0000 INFO  [o.n.i.d.DiagnosticsManager] [system/00000000] 
                                                                [system/00000000] ********************************************************************************
                                                                [system/00000000]                               [ Database: system ]                              
                                                                [system/00000000] ********************************************************************************
                                                                [system/00000000] --------------------------------------------------------------------------------
                                                                [system/00000000]                                   [ Version ]                                   
                                                                [system/00000000] --------------------------------------------------------------------------------
                                                                [system/00000000] DBMS: community record-aligned-1.1
                                                                [system/00000000] Kernel version: 5.14.0
                                                                [system/00000000] 
                                                                [system/00000000] --------------------------------------------------------------------------------
                                                                [system/00000000]                                 [ Store files ]                                 
                                                                [system/00000000] --------------------------------------------------------------------------------
                                                                [system/00000000] Disk space on partition (Total / Free / Free %): 494384795648 / 340702400512 / 68
                                                                [system/00000000] Storage files stored on file store: fakeowner
                                                                [system/00000000] Storage files: (filename : modification date - size)
                                                                [system/00000000]   neostore: 2023-12-08 07:18:19.650+0000 - 8.000KiB
                                                                [system/00000000]   neostore.counts.db: 2023-12-08 07:18:19.659+0000 - 0B
                                                                [system/00000000]   neostore.indexstats.db: 2023-12-08 07:18:19.666+0000 - 0B
                                                                [system/00000000]   neostore.labeltokenstore.db: 2023-12-08 07:18:19.644+0000 - 0B
                                                                [system/00000000]   neostore.labeltokenstore.db.id: 2023-12-08 07:18:19.643+0000 - 0B
                                                                [system/00000000]   neostore.labeltokenstore.db.names: 2023-12-08 07:18:19.642+0000 - 8.000KiB
                                                                [system/00000000]   neostore.labeltokenstore.db.names.id: 2023-12-08 07:18:19.641+0000 - 0B
                                                                [system/00000000]   neostore.nodestore.db: 2023-12-08 07:18:19.632+0000 - 0B
                                                                [system/00000000]   neostore.nodestore.db.id: 2023-12-08 07:18:19.631+0000 - 0B
                                                                [system/00000000]   neostore.nodestore.db.labels: 2023-12-08 07:18:19.628+0000 - 8.000KiB
                                                                [system/00000000]   neostore.nodestore.db.labels.id: 2023-12-08 07:18:19.618+0000 - 0B
                                                                [system/00000000]   neostore.propertystore.db: 2023-12-08 07:18:19.638+0000 - 0B
                                                                [system/00000000]   neostore.propertystore.db.arrays: 2023-12-08 07:18:19.637+0000 - 8.000KiB
                                                                [system/00000000]   neostore.propertystore.db.arrays.id: 2023-12-08 07:18:19.636+0000 - 0B
                                                                [system/00000000]   neostore.propertystore.db.id: 2023-12-08 07:18:19.638+0000 - 0B
                                                                [system/00000000]   neostore.propertystore.db.index: 2023-12-08 07:18:19.635+0000 - 0B
                                                                [system/00000000]   neostore.propertystore.db.index.id: 2023-12-08 07:18:19.634+0000 - 0B
                                                                [system/00000000]   neostore.propertystore.db.index.keys: 2023-12-08 07:18:19.633+0000 - 8.000KiB
                                                                [system/00000000]   neostore.propertystore.db.index.keys.id: 2023-12-08 07:18:19.632+0000 - 0B
                                                                [system/00000000]   neostore.propertystore.db.strings: 2023-12-08 07:18:19.636+0000 - 8.000KiB
                                                                [system/00000000]   neostore.propertystore.db.strings.id: 2023-12-08 07:18:19.635+0000 - 0B
                                                                [system/00000000]   neostore.relationshipgroupstore.db: 2023-12-08 07:18:19.647+0000 - 8.000KiB
                                                                [system/00000000]   neostore.relationshipgroupstore.db.id: 2023-12-08 07:18:19.646+0000 - 0B
                                                                [system/00000000]   neostore.relationshipgroupstore.degrees.db: 2023-12-08 07:18:19.664+0000 - 0B
                                                                [system/00000000]   neostore.relationshipstore.db: 2023-12-08 07:18:19.639+0000 - 0B
                                                                [system/00000000]   neostore.relationshipstore.db.id: 2023-12-08 07:18:19.639+0000 - 0B
                                                                [system/00000000]   neostore.relationshiptypestore.db: 2023-12-08 07:18:19.641+0000 - 0B
                                                                [system/00000000]   neostore.relationshiptypestore.db.id: 2023-12-08 07:18:19.641+0000 - 0B
                                                                [system/00000000]   neostore.relationshiptypestore.db.names: 2023-12-08 07:18:19.640+0000 - 8.000KiB
                                                                [system/00000000]   neostore.relationshiptypestore.db.names.id: 2023-12-08 07:18:19.639+0000 - 0B
                                                                [system/00000000]   neostore.schemastore.db: 2023-12-08 07:18:19.645+0000 - 8.000KiB
                                                                [system/00000000]   neostore.schemastore.db.id: 2023-12-08 07:18:19.645+0000 - 0B
                                                                [system/00000000] Storage summary: 
                                                                [system/00000000]   Total size of store: 72.00KiB
                                                                [system/00000000]   Total size of mapped files: 72.00KiB
                                                                [system/00000000] 
                                                                [system/00000000] --------------------------------------------------------------------------------
                                                                [system/00000000]                               [ Transaction log ]                               
                                                                [system/00000000] --------------------------------------------------------------------------------
                                                                [system/00000000] Transaction log files stored on file store: fakeowner
                                                                [system/00000000] Transaction log metadata:
                                                                [system/00000000]  - current kernel version used in transactions: V5_14
                                                                [system/00000000]  - last committed transaction id: 1
                                                                [system/00000000] Transaction log files:
                                                                [system/00000000]  - existing transaction log versions: -1--1
                                                                [system/00000000]  - no transactions found
                                                                [system/00000000] Checkpoint log files:
                                                                [system/00000000]  - existing checkpoint log versions: -1--1
                                                                [system/00000000]  - no checkpoints found
                                                                [system/00000000] 
                                                                [system/00000000] --------------------------------------------------------------------------------
                                                                [system/00000000]                                   [ Id usage ]                                  
                                                                [system/00000000] --------------------------------------------------------------------------------
                                                                [system/00000000] ArrayPropertyStore[neostore.nodestore.db.labels]: used=1 high=0
                                                                [system/00000000] NodeStore[neostore.nodestore.db]: used=0 high=-1
                                                                [system/00000000] StringPropertyStore[neostore.propertystore.db.index.keys]: used=1 high=0
                                                                [system/00000000] PropertyIndexStore[neostore.propertystore.db.index]: used=0 high=-1
                                                                [system/00000000] StringPropertyStore[neostore.propertystore.db.strings]: used=1 high=0
                                                                [system/00000000] ArrayPropertyStore[neostore.propertystore.db.arrays]: used=1 high=0
                                                                [system/00000000] PropertyStore[neostore.propertystore.db]: used=0 high=-1
                                                                [system/00000000] RelationshipStore[neostore.relationshipstore.db]: used=0 high=-1
                                                                [system/00000000] StringPropertyStore[neostore.relationshiptypestore.db.names]: used=1 high=0
                                                                [system/00000000] RelationshipTypeStore[neostore.relationshiptypestore.db]: used=0 high=-1
                                                                [system/00000000] StringPropertyStore[neostore.labeltokenstore.db.names]: used=1 high=0
                                                                [system/00000000] LabelTokenStore[neostore.labeltokenstore.db]: used=0 high=-1
                                                                [system/00000000] SchemaStore[neostore.schemastore.db]: used=1 high=0
                                                                [system/00000000] RelationshipGroupStore[neostore.relationshipgroupstore.db]: used=1 high=0
                                                                [system/00000000] NeoStore[neostore]: used=-1 high=-1
                                                                [system/00000000] 
                                                                [system/00000000] --------------------------------------------------------------------------------
                                                                [system/00000000]                                   [ Metadata ]                                  
                                                                [system/00000000] --------------------------------------------------------------------------------
                                                                [system/00000000] EXTERNAL_STORE_UUID (Database identifier exposed as external store identity. Generated on creation and never updated): 3d206cc0-0c34-4d57-98d7-e8710d825a8d
                                                                [system/00000000] DATABASE_ID (The last used DatabaseId for this database): null
                                                                [system/00000000] LEGACY_STORE_VERSION (Legacy store format version. This field is used from 5.0 onwards only to distinguish non-migrated pre 5.0 metadata stores.): -3523014627327384477
                                                                [system/00000000] STORE_ID (Store ID): StoreId{creationTime=1702019899649, random=-485467508895976969, storageEngineName='record', formatName='aligned', majorVersion=1, minorVersion=1}
                                                                [system/00000000] 
2023-12-08 07:18:19.715+0000 INFO  [o.n.k.a.DatabaseAvailabilityGuard] [system/00000000] Requirement `Database unavailable` makes database system unavailable.
2023-12-08 07:18:19.716+0000 INFO  [o.n.k.a.DatabaseAvailabilityGuard] [system/00000000] DatabaseId{00000000[system]} is unavailable.
2023-12-08 07:18:19.721+0000 WARN  [o.n.k.i.s.MetaDataStore] [system/00000000] Missing counts store, rebuilding it.
2023-12-08 07:18:19.723+0000 WARN  [o.n.k.i.s.MetaDataStore] [system/00000000] Counts store rebuild completed.
2023-12-08 07:18:19.724+0000 WARN  [o.n.k.i.t.l.f.LogFileChannelNativeAccessor] [system/00000000] Error on attempt to preallocate log file version: 0. Error: ErrorCode=-1, errorMessage='Incorrect file descriptor.'
2023-12-08 07:18:19.729+0000 INFO  [o.n.k.d.Database] [system/00000000] Starting transaction log [/var/lib/neo4j/data/transactions/system/neostore.transaction.db.0] at version=0
2023-12-08 07:18:19.732+0000 WARN  [o.n.k.i.t.l.f.c.CheckpointFileChannelNativeAccessor] [system/00000000] Error on attempt to preallocate log file version: 0. Error: ErrorCode=-1, errorMessage='Incorrect file descriptor.'
2023-12-08 07:18:19.732+0000 INFO  [o.n.k.d.Database] [system/00000000] Starting transaction log [/var/lib/neo4j/data/transactions/system/checkpoint.0] at version=0
2023-12-08 07:18:19.734+0000 WARN  [o.n.k.i.t.l.f.c.CheckpointFileChannelNativeAccessor] [system/00000000] Unable to advise sequential access for transaction log version: 0. Error: ErrorCode=-1, errorMessage='Incorrect file descriptor.'
2023-12-08 07:18:19.734+0000 WARN  [o.n.k.i.t.l.f.c.CheckpointFileChannelNativeAccessor] [system/00000000] Unable to advise preserve data in cache for transaction log version: 0. Error: ErrorCode=-1, errorMessage='Incorrect file descriptor.'
2023-12-08 07:18:19.734+0000 INFO  [o.n.k.i.t.l.f.c.CheckpointLogFile] [system/00000000] Scanning log file with version 0 for checkpoint entries
2023-12-08 07:18:19.735+0000 WARN  [o.n.k.i.t.l.f.c.CheckpointFileChannelNativeAccessor] [system/00000000] Unable to evict transaction log from cache with version: 0. Error: ErrorCode=-1, errorMessage='Incorrect file descriptor.'
2023-12-08 07:18:19.735+0000 WARN  [o.n.k.i.t.l.f.LogFileChannelNativeAccessor] [system/00000000] Unable to advise sequential access for transaction log version: 0. Error: ErrorCode=-1, errorMessage='Incorrect file descriptor.'
2023-12-08 07:18:19.735+0000 WARN  [o.n.k.i.t.l.f.LogFileChannelNativeAccessor] [system/00000000] Unable to advise preserve data in cache for transaction log version: 0. Error: ErrorCode=-1, errorMessage='Incorrect file descriptor.'
2023-12-08 07:18:19.736+0000 WARN  [o.n.k.i.t.l.f.LogFileChannelNativeAccessor] [system/00000000] Unable to evict transaction log from cache with version: 0. Error: ErrorCode=-1, errorMessage='Incorrect file descriptor.'
2023-12-08 07:18:19.736+0000 WARN  [o.n.k.i.t.l.f.LogFileChannelNativeAccessor] [system/00000000] Unable to advise sequential access for transaction log version: 0. Error: ErrorCode=-1, errorMessage='Incorrect file descriptor.'
2023-12-08 07:18:19.737+0000 WARN  [o.n.k.i.t.l.f.LogFileChannelNativeAccessor] [system/00000000] Unable to advise preserve data in cache for transaction log version: 0. Error: ErrorCode=-1, errorMessage='Incorrect file descriptor.'
2023-12-08 07:18:19.737+0000 WARN  [o.n.k.i.t.l.f.LogFileChannelNativeAccessor] [system/00000000] Unable to evict transaction log from cache with version: 0. Error: ErrorCode=-1, errorMessage='Incorrect file descriptor.'
2023-12-08 07:18:19.755+0000 INFO  [o.n.k.a.DatabaseAvailabilityGuard] [system/00000000] Fulfilling of requirement 'Database unavailable' makes database system available.
2023-12-08 07:18:19.756+0000 INFO  [o.n.k.a.DatabaseAvailabilityGuard] [system/00000000] DatabaseId{00000000[system]} is ready.
2023-12-08 07:18:19.894+0000 INFO  [o.n.k.i.a.i.IndexPopulationJob] [system/00000000] Index population started: [Index( id=2, name='index_f7700477', type='LOOKUP', schema=()-[:<any-types>]-(), indexProvider='token-lookup-1.0' )]
2023-12-08 07:18:19.912+0000 INFO  [o.n.k.i.a.i.IndexPopulationJob] [system/00000000] Index creation finished for index [Index( id=2, name='index_f7700477', type='LOOKUP', schema=()-[:<any-types>]-(), indexProvider='token-lookup-1.0' )].
2023-12-08 07:18:19.915+0000 INFO  [o.n.k.i.a.i.IndexPopulationJob] [system/00000000] Index population started: [Index( id=1, name='index_343aff4e', type='LOOKUP', schema=(:<any-labels>), indexProvider='token-lookup-1.0' )]
2023-12-08 07:18:19.920+0000 INFO  [o.n.k.i.a.i.IndexPopulationJob] [system/00000000] Index creation finished for index [Index( id=1, name='index_343aff4e', type='LOOKUP', schema=(:<any-labels>), indexProvider='token-lookup-1.0' )].
2023-12-08 07:18:19.922+0000 INFO  [o.n.k.i.t.l.c.CheckPointerImpl] [system/00000000] Checkpoint triggered by "Database init completed." @ txId: 3 checkpoint started...
2023-12-08 07:18:19.944+0000 INFO  [o.n.k.i.t.l.c.CheckPointerImpl] [system/00000000] Checkpoint triggered by "Database init completed." @ txId: 3 checkpoint completed in 21ms. Checkpoint flushed 74 pages (0% of total available pages), in 57 IOs. Checkpoint performed with IO limit: unlimited, paused in total 0 times( 0 millis).
2023-12-08 07:18:19.945+0000 INFO  [o.n.k.i.t.l.p.LogPruningImpl] [system/00000000] No log version pruned. The strategy used was '2 days'. 
2023-12-08 07:18:19.980+0000 INFO  [o.n.k.i.a.i.IndexPopulationJob] [system/00000000] Index population started: [Index( id=3, name='constraint_798238d6', type='RANGE', schema=(:DatabaseName {name, namespace}), indexProvider='range-1.0' )]
2023-12-08 07:18:19.991+0000 INFO  [o.n.k.i.a.i.IndexPopulationJob] [system/00000000] Index creation finished for index [Index( id=3, name='constraint_798238d6', type='RANGE', schema=(:DatabaseName {name, namespace}), indexProvider='range-1.0' )].
2023-12-08 07:18:19.997+0000 INFO  [o.n.k.i.a.i.IndexPopulationJob] [system/00000000] Index population started: [Index( id=4, name='constraint_8014b60a', type='RANGE', schema=(:Database {name}), indexProvider='range-1.0' )]
2023-12-08 07:18:20.002+0000 INFO  [o.n.k.i.a.i.IndexPopulationJob] [system/00000000] Index creation finished for index [Index( id=4, name='constraint_8014b60a', type='RANGE', schema=(:Database {name}), indexProvider='range-1.0' )].
2023-12-08 07:18:20.011+0000 INFO  [o.n.k.i.a.i.IndexingService] [system/00000000] Constraint Index( id=3, name='constraint_798238d6', type='RANGE', schema=(:Label[1] {PropertyKey[11], PropertyKey[12]}), indexProvider='range-1.0' ) is ONLINE.
2023-12-08 07:18:20.012+0000 INFO  [o.n.k.i.a.i.IndexingService] [system/00000000] Constraint Index( id=4, name='constraint_8014b60a', type='RANGE', schema=(:Label[2] {PropertyKey[11]}), indexProvider='range-1.0' ) is ONLINE.
2023-12-08 07:18:20.083+0000 INFO  [o.n.k.i.a.i.IndexPopulationJob] [system/00000000] Index population started: [Index( id=7, name='constraint_5789ae3', type='RANGE', schema=(:User {name}), indexProvider='range-1.0' )]
2023-12-08 07:18:20.087+0000 INFO  [o.n.k.i.a.i.IndexPopulationJob] [system/00000000] Index creation finished for index [Index( id=7, name='constraint_5789ae3', type='RANGE', schema=(:User {name}), indexProvider='range-1.0' )].
2023-12-08 07:18:20.092+0000 INFO  [o.n.k.i.a.i.IndexPopulationJob] [system/00000000] Index population started: [Index( id=8, name='constraint_74fad970', type='RANGE', schema=(:User {id}), indexProvider='range-1.0' )]
2023-12-08 07:18:20.097+0000 INFO  [o.n.k.i.a.i.IndexPopulationJob] [system/00000000] Index creation finished for index [Index( id=8, name='constraint_74fad970', type='RANGE', schema=(:User {id}), indexProvider='range-1.0' )].
2023-12-08 07:18:20.100+0000 INFO  [o.n.k.i.a.i.IndexingService] [system/00000000] Constraint Index( id=7, name='constraint_5789ae3', type='RANGE', schema=(:Label[3] {PropertyKey[11]}), indexProvider='range-1.0' ) is ONLINE.
2023-12-08 07:18:20.100+0000 INFO  [o.n.k.i.a.i.IndexingService] [system/00000000] Constraint Index( id=8, name='constraint_74fad970', type='RANGE', schema=(:Label[3] {PropertyKey[26]}), indexProvider='range-1.0' ) is ONLINE.
2023-12-08 07:18:20.101+0000 INFO  [o.n.s.s.s.UserSecurityGraphComponent] Initializing system graph model for component 'security-users' with version -1 and status UNINITIALIZED
2023-12-08 07:18:20.104+0000 INFO  [o.n.s.s.s.UserSecurityGraphComponent] Setting up initial user from `auth.ini` file: neo4j
2023-12-08 07:18:20.105+0000 INFO  [o.n.s.s.a.CommunitySecurityModule] CREATE USER neo4j PASSWORD ****** CHANGE NOT REQUIRED
2023-12-08 07:18:20.108+0000 INFO  [o.n.s.s.s.UserSecurityGraphComponent] Setting version for 'security-users' to 4
2023-12-08 07:18:20.110+0000 INFO  [o.n.s.s.s.UserSecurityGraphComponent] After initialization of system graph model component 'security-users' have version 4 and status CURRENT
2023-12-08 07:18:20.112+0000 INFO  [o.n.s.s.s.UserSecurityGraphComponent] Performing postInitialization step for component 'security-users' with version 4 and status CURRENT
2023-12-08 07:18:20.114+0000 INFO  [o.n.d.d.DatabaseLifecycles] Creating 'DatabaseId{cc9c4b6c[neo4j]}'.
2023-12-08 07:18:20.115+0000 INFO  [o.n.d.d.DatabaseLifecycles] Starting 'DatabaseId{cc9c4b6c[neo4j]}'.
2023-12-08 07:18:20.119+0000 INFO  [o.n.k.i.s.f.RecordFormatSelector] [neo4j/cc9c4b6c] Selected configured format for store /var/lib/neo4j/data/databases/neo4j: RecordFormat:PageAlignedV5_0[aligned-1.1]
2023-12-08 07:18:20.140+0000 INFO  [o.n.i.d.DiagnosticsManager] [neo4j/cc9c4b6c] 
                                                                [neo4j/cc9c4b6c] ********************************************************************************
                                                                [neo4j/cc9c4b6c]                               [ Database: neo4j ]                               
                                                                [neo4j/cc9c4b6c] ********************************************************************************
                                                                [neo4j/cc9c4b6c] --------------------------------------------------------------------------------
                                                                [neo4j/cc9c4b6c]                                   [ Version ]                                   
                                                                [neo4j/cc9c4b6c] --------------------------------------------------------------------------------
                                                                [neo4j/cc9c4b6c] DBMS: community record-aligned-1.1
                                                                [neo4j/cc9c4b6c] Kernel version: 5.14.0
                                                                [neo4j/cc9c4b6c] 
                                                                [neo4j/cc9c4b6c] --------------------------------------------------------------------------------
                                                                [neo4j/cc9c4b6c]                                 [ Store files ]                                 
                                                                [neo4j/cc9c4b6c] --------------------------------------------------------------------------------
                                                                [neo4j/cc9c4b6c] Disk space on partition (Total / Free / Free %): 494384795648 / 340701335552 / 68
                                                                [neo4j/cc9c4b6c] Storage files stored on file store: fakeowner
                                                                [neo4j/cc9c4b6c] Storage files: (filename : modification date - size)
                                                                [neo4j/cc9c4b6c]   neostore: 2023-12-08 07:18:20.131+0000 - 8.000KiB
                                                                [neo4j/cc9c4b6c]   neostore.counts.db: 2023-12-08 07:18:20.132+0000 - 0B
                                                                [neo4j/cc9c4b6c]   neostore.indexstats.db: 2023-12-08 07:18:20.133+0000 - 0B
                                                                [neo4j/cc9c4b6c]   neostore.labeltokenstore.db: 2023-12-08 07:18:20.129+0000 - 0B
                                                                [neo4j/cc9c4b6c]   neostore.labeltokenstore.db.id: 2023-12-08 07:18:20.129+0000 - 0B
                                                                [neo4j/cc9c4b6c]   neostore.labeltokenstore.db.names: 2023-12-08 07:18:20.128+0000 - 8.000KiB
                                                                [neo4j/cc9c4b6c]   neostore.labeltokenstore.db.names.id: 2023-12-08 07:18:20.128+0000 - 0B
                                                                [neo4j/cc9c4b6c]   neostore.nodestore.db: 2023-12-08 07:18:20.121+0000 - 0B
                                                                [neo4j/cc9c4b6c]   neostore.nodestore.db.id: 2023-12-08 07:18:20.120+0000 - 0B
                                                                [neo4j/cc9c4b6c]   neostore.nodestore.db.labels: 2023-12-08 07:18:20.120+0000 - 8.000KiB
                                                                [neo4j/cc9c4b6c]   neostore.nodestore.db.labels.id: 2023-12-08 07:18:20.119+0000 - 0B
                                                                [neo4j/cc9c4b6c]   neostore.propertystore.db: 2023-12-08 07:18:20.125+0000 - 0B
                                                                [neo4j/cc9c4b6c]   neostore.propertystore.db.arrays: 2023-12-08 07:18:20.124+0000 - 8.000KiB
                                                                [neo4j/cc9c4b6c]   neostore.propertystore.db.arrays.id: 2023-12-08 07:18:20.124+0000 - 0B
                                                                [neo4j/cc9c4b6c]   neostore.propertystore.db.id: 2023-12-08 07:18:20.125+0000 - 0B
                                                                [neo4j/cc9c4b6c]   neostore.propertystore.db.index: 2023-12-08 07:18:20.122+0000 - 0B
                                                                [neo4j/cc9c4b6c]   neostore.propertystore.db.index.id: 2023-12-08 07:18:20.122+0000 - 0B
                                                                [neo4j/cc9c4b6c]   neostore.propertystore.db.index.keys: 2023-12-08 07:18:20.121+0000 - 8.000KiB
                                                                [neo4j/cc9c4b6c]   neostore.propertystore.db.index.keys.id: 2023-12-08 07:18:20.121+0000 - 0B
                                                                [neo4j/cc9c4b6c]   neostore.propertystore.db.strings: 2023-12-08 07:18:20.123+0000 - 8.000KiB
                                                                [neo4j/cc9c4b6c]   neostore.propertystore.db.strings.id: 2023-12-08 07:18:20.122+0000 - 0B
                                                                [neo4j/cc9c4b6c]   neostore.relationshipgroupstore.db: 2023-12-08 07:18:20.131+0000 - 8.000KiB
                                                                [neo4j/cc9c4b6c]   neostore.relationshipgroupstore.db.id: 2023-12-08 07:18:20.130+0000 - 0B
                                                                [neo4j/cc9c4b6c]   neostore.relationshipgroupstore.degrees.db: 2023-12-08 07:18:20.132+0000 - 0B
                                                                [neo4j/cc9c4b6c]   neostore.relationshipstore.db: 2023-12-08 07:18:20.125+0000 - 0B
                                                                [neo4j/cc9c4b6c]   neostore.relationshipstore.db.id: 2023-12-08 07:18:20.125+0000 - 0B
                                                                [neo4j/cc9c4b6c]   neostore.relationshiptypestore.db: 2023-12-08 07:18:20.127+0000 - 0B
                                                                [neo4j/cc9c4b6c]   neostore.relationshiptypestore.db.id: 2023-12-08 07:18:20.127+0000 - 0B
                                                                [neo4j/cc9c4b6c]   neostore.relationshiptypestore.db.names: 2023-12-08 07:18:20.126+0000 - 8.000KiB
                                                                [neo4j/cc9c4b6c]   neostore.relationshiptypestore.db.names.id: 2023-12-08 07:18:20.126+0000 - 0B
                                                                [neo4j/cc9c4b6c]   neostore.schemastore.db: 2023-12-08 07:18:20.130+0000 - 8.000KiB
                                                                [neo4j/cc9c4b6c]   neostore.schemastore.db.id: 2023-12-08 07:18:20.129+0000 - 0B
                                                                [neo4j/cc9c4b6c] Storage summary: 
                                                                [neo4j/cc9c4b6c]   Total size of store: 72.00KiB
                                                                [neo4j/cc9c4b6c]   Total size of mapped files: 72.00KiB
                                                                [neo4j/cc9c4b6c] 
                                                                [neo4j/cc9c4b6c] --------------------------------------------------------------------------------
                                                                [neo4j/cc9c4b6c]                               [ Transaction log ]                               
                                                                [neo4j/cc9c4b6c] --------------------------------------------------------------------------------
                                                                [neo4j/cc9c4b6c] Transaction log files stored on file store: fakeowner
                                                                [neo4j/cc9c4b6c] Transaction log metadata:
                                                                [neo4j/cc9c4b6c]  - current kernel version used in transactions: V5_14
                                                                [neo4j/cc9c4b6c]  - last committed transaction id: 1
                                                                [neo4j/cc9c4b6c] Transaction log files:
                                                                [neo4j/cc9c4b6c]  - existing transaction log versions: -1--1
                                                                [neo4j/cc9c4b6c]  - no transactions found
                                                                [neo4j/cc9c4b6c] Checkpoint log files:
                                                                [neo4j/cc9c4b6c]  - existing checkpoint log versions: -1--1
                                                                [neo4j/cc9c4b6c]  - no checkpoints found
                                                                [neo4j/cc9c4b6c] 
                                                                [neo4j/cc9c4b6c] --------------------------------------------------------------------------------
                                                                [neo4j/cc9c4b6c]                                   [ Id usage ]                                  
                                                                [neo4j/cc9c4b6c] --------------------------------------------------------------------------------
                                                                [neo4j/cc9c4b6c] ArrayPropertyStore[neostore.nodestore.db.labels]: used=1 high=0
                                                                [neo4j/cc9c4b6c] NodeStore[neostore.nodestore.db]: used=0 high=-1
                                                                [neo4j/cc9c4b6c] StringPropertyStore[neostore.propertystore.db.index.keys]: used=1 high=0
                                                                [neo4j/cc9c4b6c] PropertyIndexStore[neostore.propertystore.db.index]: used=0 high=-1
                                                                [neo4j/cc9c4b6c] StringPropertyStore[neostore.propertystore.db.strings]: used=1 high=0
                                                                [neo4j/cc9c4b6c] ArrayPropertyStore[neostore.propertystore.db.arrays]: used=1 high=0
                                                                [neo4j/cc9c4b6c] PropertyStore[neostore.propertystore.db]: used=0 high=-1
                                                                [neo4j/cc9c4b6c] RelationshipStore[neostore.relationshipstore.db]: used=0 high=-1
                                                                [neo4j/cc9c4b6c] StringPropertyStore[neostore.relationshiptypestore.db.names]: used=1 high=0
                                                                [neo4j/cc9c4b6c] RelationshipTypeStore[neostore.relationshiptypestore.db]: used=0 high=-1
                                                                [neo4j/cc9c4b6c] StringPropertyStore[neostore.labeltokenstore.db.names]: used=1 high=0
                                                                [neo4j/cc9c4b6c] LabelTokenStore[neostore.labeltokenstore.db]: used=0 high=-1
                                                                [neo4j/cc9c4b6c] SchemaStore[neostore.schemastore.db]: used=1 high=0
                                                                [neo4j/cc9c4b6c] RelationshipGroupStore[neostore.relationshipgroupstore.db]: used=1 high=0
                                                                [neo4j/cc9c4b6c] NeoStore[neostore]: used=-1 high=-1
                                                                [neo4j/cc9c4b6c] 
                                                                [neo4j/cc9c4b6c] --------------------------------------------------------------------------------
                                                                [neo4j/cc9c4b6c]                                   [ Metadata ]                                  
                                                                [neo4j/cc9c4b6c] --------------------------------------------------------------------------------
                                                                [neo4j/cc9c4b6c] EXTERNAL_STORE_UUID (Database identifier exposed as external store identity. Generated on creation and never updated): 6c6ace4a-a5c0-447c-9a46-14dee81c6c07
                                                                [neo4j/cc9c4b6c] DATABASE_ID (The last used DatabaseId for this database): null
                                                                [neo4j/cc9c4b6c] LEGACY_STORE_VERSION (Legacy store format version. This field is used from 5.0 onwards only to distinguish non-migrated pre 5.0 metadata stores.): -3523014627327384477
                                                                [neo4j/cc9c4b6c] STORE_ID (Store ID): StoreId{creationTime=1702019900131, random=6463768371558363020, storageEngineName='record', formatName='aligned', majorVersion=1, minorVersion=1}
                                                                [neo4j/cc9c4b6c] 
2023-12-08 07:18:20.142+0000 INFO  [o.n.k.a.DatabaseAvailabilityGuard] [neo4j/cc9c4b6c] Requirement `Database unavailable` makes database neo4j unavailable.
2023-12-08 07:18:20.142+0000 INFO  [o.n.k.a.DatabaseAvailabilityGuard] [neo4j/cc9c4b6c] DatabaseId{cc9c4b6c[neo4j]} is unavailable.
2023-12-08 07:18:20.143+0000 WARN  [o.n.k.i.s.MetaDataStore] [neo4j/cc9c4b6c] Missing counts store, rebuilding it.
2023-12-08 07:18:20.143+0000 WARN  [o.n.k.i.s.MetaDataStore] [neo4j/cc9c4b6c] Counts store rebuild completed.
2023-12-08 07:18:20.143+0000 WARN  [o.n.k.i.t.l.f.LogFileChannelNativeAccessor] [neo4j/cc9c4b6c] Error on attempt to preallocate log file version: 0. Error: ErrorCode=-1, errorMessage='Incorrect file descriptor.'
2023-12-08 07:18:20.144+0000 INFO  [o.n.k.d.Database] [neo4j/cc9c4b6c] Starting transaction log [/var/lib/neo4j/data/transactions/neo4j/neostore.transaction.db.0] at version=0
2023-12-08 07:18:20.144+0000 WARN  [o.n.k.i.t.l.f.c.CheckpointFileChannelNativeAccessor] [neo4j/cc9c4b6c] Error on attempt to preallocate log file version: 0. Error: ErrorCode=-1, errorMessage='Incorrect file descriptor.'
2023-12-08 07:18:20.145+0000 INFO  [o.n.k.d.Database] [neo4j/cc9c4b6c] Starting transaction log [/var/lib/neo4j/data/transactions/neo4j/checkpoint.0] at version=0
2023-12-08 07:18:20.146+0000 WARN  [o.n.k.i.t.l.f.c.CheckpointFileChannelNativeAccessor] [neo4j/cc9c4b6c] Unable to advise sequential access for transaction log version: 0. Error: ErrorCode=-1, errorMessage='Incorrect file descriptor.'
2023-12-08 07:18:20.146+0000 WARN  [o.n.k.i.t.l.f.c.CheckpointFileChannelNativeAccessor] [neo4j/cc9c4b6c] Unable to advise preserve data in cache for transaction log version: 0. Error: ErrorCode=-1, errorMessage='Incorrect file descriptor.'
2023-12-08 07:18:20.146+0000 INFO  [o.n.k.i.t.l.f.c.CheckpointLogFile] [neo4j/cc9c4b6c] Scanning log file with version 0 for checkpoint entries
2023-12-08 07:18:20.146+0000 WARN  [o.n.k.i.t.l.f.c.CheckpointFileChannelNativeAccessor] [neo4j/cc9c4b6c] Unable to evict transaction log from cache with version: 0. Error: ErrorCode=-1, errorMessage='Incorrect file descriptor.'
2023-12-08 07:18:20.147+0000 WARN  [o.n.k.i.t.l.f.LogFileChannelNativeAccessor] [neo4j/cc9c4b6c] Unable to advise sequential access for transaction log version: 0. Error: ErrorCode=-1, errorMessage='Incorrect file descriptor.'
2023-12-08 07:18:20.147+0000 WARN  [o.n.k.i.t.l.f.LogFileChannelNativeAccessor] [neo4j/cc9c4b6c] Unable to advise preserve data in cache for transaction log version: 0. Error: ErrorCode=-1, errorMessage='Incorrect file descriptor.'
2023-12-08 07:18:20.147+0000 WARN  [o.n.k.i.t.l.f.LogFileChannelNativeAccessor] [neo4j/cc9c4b6c] Unable to evict transaction log from cache with version: 0. Error: ErrorCode=-1, errorMessage='Incorrect file descriptor.'
2023-12-08 07:18:20.147+0000 WARN  [o.n.k.i.t.l.f.LogFileChannelNativeAccessor] [neo4j/cc9c4b6c] Unable to advise sequential access for transaction log version: 0. Error: ErrorCode=-1, errorMessage='Incorrect file descriptor.'
2023-12-08 07:18:20.148+0000 WARN  [o.n.k.i.t.l.f.LogFileChannelNativeAccessor] [neo4j/cc9c4b6c] Unable to advise preserve data in cache for transaction log version: 0. Error: ErrorCode=-1, errorMessage='Incorrect file descriptor.'
2023-12-08 07:18:20.148+0000 WARN  [o.n.k.i.t.l.f.LogFileChannelNativeAccessor] [neo4j/cc9c4b6c] Unable to evict transaction log from cache with version: 0. Error: ErrorCode=-1, errorMessage='Incorrect file descriptor.'
2023-12-08 07:18:20.149+0000 INFO  [o.n.k.a.DatabaseAvailabilityGuard] [neo4j/cc9c4b6c] Fulfilling of requirement 'Database unavailable' makes database neo4j available.
2023-12-08 07:18:20.149+0000 INFO  [o.n.k.a.DatabaseAvailabilityGuard] [neo4j/cc9c4b6c] DatabaseId{cc9c4b6c[neo4j]} is ready.
2023-12-08 07:18:20.151+0000 INFO  [o.n.k.i.a.i.IndexPopulationJob] [neo4j/cc9c4b6c] Index population started: [Index( id=2, name='index_f7700477', type='LOOKUP', schema=()-[:<any-types>]-(), indexProvider='token-lookup-1.0' )]
2023-12-08 07:18:20.156+0000 INFO  [o.n.k.i.a.i.IndexPopulationJob] [neo4j/cc9c4b6c] Index creation finished for index [Index( id=2, name='index_f7700477', type='LOOKUP', schema=()-[:<any-types>]-(), indexProvider='token-lookup-1.0' )].
2023-12-08 07:18:20.157+0000 INFO  [o.n.k.i.a.i.IndexPopulationJob] [neo4j/cc9c4b6c] Index population started: [Index( id=1, name='index_343aff4e', type='LOOKUP', schema=(:<any-labels>), indexProvider='token-lookup-1.0' )]
2023-12-08 07:18:20.160+0000 INFO  [o.n.k.i.a.i.IndexPopulationJob] [neo4j/cc9c4b6c] Index creation finished for index [Index( id=1, name='index_343aff4e', type='LOOKUP', schema=(:<any-labels>), indexProvider='token-lookup-1.0' )].
2023-12-08 07:18:20.161+0000 INFO  [o.n.k.i.t.l.c.CheckPointerImpl] [neo4j/cc9c4b6c] Checkpoint triggered by "Database init completed." @ txId: 3 checkpoint started...
2023-12-08 07:18:20.176+0000 INFO  [o.n.k.i.t.l.c.CheckPointerImpl] [neo4j/cc9c4b6c] Checkpoint triggered by "Database init completed." @ txId: 3 checkpoint completed in 14ms. Checkpoint flushed 74 pages (0% of total available pages), in 58 IOs. Checkpoint performed with IO limit: unlimited, paused in total 0 times( 0 millis).
2023-12-08 07:18:20.176+0000 INFO  [o.n.k.i.t.l.p.LogPruningImpl] [neo4j/cc9c4b6c] No log version pruned. The strategy used was '2 days'. 
2023-12-08 07:18:20.356+0000 INFO  [o.n.b.p.c.c.n.SocketNettyConnector] Bolt enabled on 0.0.0.0:7687.
2023-12-08 07:18:20.357+0000 INFO  [o.n.b.BoltServer] Bolt server started
2023-12-08 07:18:20.357+0000 INFO  [o.n.s.A.ServerComponentsLifecycleAdapter] Starting web server
2023-12-08 07:18:20.660+0000 INFO  [o.n.s.CommunityNeoWebServer] HTTP enabled on 0.0.0.0:7474.
2023-12-08 07:18:20.661+0000 INFO  [o.n.s.CommunityNeoWebServer] Remote interface available at http://localhost:7474/
2023-12-08 07:18:20.661+0000 INFO  [o.n.s.A.ServerComponentsLifecycleAdapter] Web server started.
2023-12-08 07:18:20.663+0000 INFO  [o.n.g.f.DatabaseManagementServiceFactory] id: 019E306C4DCA960ECCE500A18E8E3602BCCA7EF78FF5BFEB221A8C8177EFF18B
2023-12-08 07:18:20.663+0000 INFO  [o.n.g.f.DatabaseManagementServiceFactory] name: system
2023-12-08 07:18:20.663+0000 INFO  [o.n.g.f.DatabaseManagementServiceFactory] creationDate: 2023-12-08T07:18:19.649Z
2023-12-08 07:33:19.972+0000 INFO  [o.n.k.i.t.l.c.CheckPointerImpl] [system/00000000] Checkpoint triggered by "Scheduled checkpoint for every 15 minutes threshold" @ txId: 37 checkpoint started...
2023-12-08 07:33:20.019+0000 INFO  [o.n.k.i.t.l.c.CheckPointerImpl] [system/00000000] Checkpoint triggered by "Scheduled checkpoint for every 15 minutes threshold" @ txId: 37 checkpoint completed in 44ms. Checkpoint flushed 69 pages (0% of total available pages), in 69 IOs. Checkpoint performed with IO limit: unlimited, paused in total 0 times( 0 millis).
2023-12-08 07:33:20.019+0000 INFO  [o.n.k.i.t.l.p.LogPruningImpl] [system/00000000] No log version pruned. The strategy used was '2 days'. 
2023-12-08 07:35:29.108+0000 WARN  [o.n.b.p.c.c.c.AtomicSchedulingConnection] [bolt-1] Terminating connection due to network error
org.neo4j.bolt.protocol.error.streaming.BoltStreamingWriteException: Failed to transmit operation result: Response write failure
	at org.neo4j.bolt.protocol.common.fsm.response.NetworkResponseHandler.onSuccess(NetworkResponseHandler.java:184) ~[neo4j-bolt-5.14.0.jar:5.14.0]
	at org.neo4j.bolt.protocol.common.connector.connection.AtomicSchedulingConnection.lambda$interrupt$6(AtomicSchedulingConnection.java:462) ~[neo4j-bolt-5.14.0.jar:5.14.0]
	at org.neo4j.bolt.protocol.common.connector.connection.AtomicSchedulingConnection.executeJob(AtomicSchedulingConnection.java:336) ~[neo4j-bolt-5.14.0.jar:5.14.0]
	at org.neo4j.bolt.protocol.common.connector.connection.AtomicSchedulingConnection.doExecuteJobs(AtomicSchedulingConnection.java:315) ~[neo4j-bolt-5.14.0.jar:5.14.0]
	at org.neo4j.bolt.protocol.common.connector.connection.AtomicSchedulingConnection.executeJobs(AtomicSchedulingConnection.java:221) ~[neo4j-bolt-5.14.0.jar:5.14.0]
	at java.util.concurrent.Executors$RunnableAdapter.call(Executors.java:539) [?:?]
	at java.util.concurrent.FutureTask.run(FutureTask.java:264) [?:?]
	at java.util.concurrent.ThreadPoolExecutor.runWorker(ThreadPoolExecutor.java:1136) [?:?]
	at java.util.concurrent.ThreadPoolExecutor$Worker.run(ThreadPoolExecutor.java:635) [?:?]
	at java.lang.Thread.run(Thread.java:840) [?:?]
Caused by: io.netty.channel.StacklessClosedChannelException
	at io.netty.channel.AbstractChannel$AbstractUnsafe.write(Object, ChannelPromise)(Unknown Source) ~[netty-transport-4.1.100.Final.jar:4.1.100.Final]
2023-12-08 07:38:20.434+0000 INFO  [o.n.k.i.t.l.c.CheckPointerImpl] [neo4j/cc9c4b6c] Checkpoint triggered by "Scheduled checkpoint for every 15 minutes threshold" @ txId: 6 checkpoint started...
2023-12-08 07:38:20.471+0000 INFO  [o.n.k.i.t.l.c.CheckPointerImpl] [neo4j/cc9c4b6c] Checkpoint triggered by "Scheduled checkpoint for every 15 minutes threshold" @ txId: 6 checkpoint completed in 34ms. Checkpoint flushed 40 pages (0% of total available pages), in 40 IOs. Checkpoint performed with IO limit: unlimited, paused in total 0 times( 0 millis).
2023-12-08 07:38:20.472+0000 INFO  [o.n.k.i.t.l.p.LogPruningImpl] [neo4j/cc9c4b6c] No log version pruned. The strategy used was '2 days'. 
